---
  0 debug pnpm:scope: 
    selected: 1
    workspacePrefix: null
  1 info pnpm: 
    message: "A store server is running. All store manipulations are delegated to it."
    prefix: "/app"
  2 debug pnpm:package-json: 
    initial: 
      //1: "describes your app and its dependencies"
      //2: "https://docs.npmjs.com/files/package.json"
      //3: "updating this file will download and update your packages"
      name: "hello-express"
      version: "0.0.1"
      description: "SJSJ."
      main: "app.js"
      scripts: 
        start: "node index.js"
      dependencies: 
        chalk: "^4.1.0"
        cheerio: "^1.0.0-rc.3"
        discord.js: "^12.5.1"
        discordbotlari-api: "^0.0.14"
        ejs: "^3.1.5"
        express: "^4.17.1"
        express-session: "^1.17.1"
        fs: "^0.0.1-security"
        helmet: "^4.2.0"
        highlight.js: "^10.4.0"
        html-tags: "^3.1.0"
        level-session: "^0.3.4"
        level-session-store: "^2.2.0"
        marked: "^1.2.5"
        moment: "^2.29.1"
        moment-duration-format: "^2.2.2"
        mongodb: "^3.1.10"
        mongoose: "^5.3.16"
        ms: "^2.1.1"
        mysql: "^2.16.0"
        node-fetch: "^2.3.0"
        node-superfetch: "^0.1.9"
        passport: "^0.4.0"
        passport-discord: "^0.1.3"
        path: "^0.12.7"
        quick.db: "^7.0.0-b16"
        request: "^2.88.2"
        url: "^0.11.0"
        useful-tools: "^0.0.33"
        window: "^4.2.5"
      engines: 
        node: "8.x"
      repository: 
        url: "https://glitch.com/edit/#!/hello-express"
      license: "MIT"
      keywords: 
        - "node"
        - "glitch"
        - "express"
      gitHead: "6dfbdd8ee8c8b73fb11a0593c11850a1b63624b6"
      readme: "ERROR: No README data found!"
      _id: "hello-express@0.0.1"
    prefix: "/app"
  3 debug pnpm:stage: 
    prefix: "/app"
    stage: "resolution_started"
  4 warn pnpm:install-check: 
    message: "Unsupported engine for registry.npmjs.org/chalk/4.1.0: wanted: {\"node\":\">=10\"} (current: {\"node\":\"v8.15.1\",\"pnpm\":\"2.25.5\"})"
    prefix: "/app"
  5 debug pnpm:progress: 
    packageId: "registry.npmjs.org/chalk/4.1.0"
    requester: "/app"
    status: "resolved"
  6 debug pnpm:progress: 
    packageId: "registry.npmjs.org/cheerio/1.0.0-rc.3"
    requester: "/app"
    status: "resolved"
  7 warn pnpm:install-check: 
    message: "Unsupported engine for registry.npmjs.org/discord.js/12.5.1: wanted: {\"node\":\">=12.0.0\"} (current: {\"node\":\"v8.15.1\",\"pnpm\":\"2.25.5\"})"
    prefix: "/app"
  8 debug pnpm:progress: 
    packageId: "registry.npmjs.org/discord.js/12.5.1"
    requester: "/app"
    status: "resolved"
  9 debug pnpm:progress: 
    packageId: "registry.npmjs.org/mongoose/5.10.17"
    requester: "/app"
    status: "resolved"
  10 debug pnpm:progress: 
    packageId: "registry.npmjs.org/ms/2.1.2"
    requester: "/app"
    status: "resolved"
  11 debug pnpm:progress: 
    packageId: "registry.npmjs.org/mysql/2.18.1"
    requester: "/app"
    status: "resolved"
  12 debug pnpm:progress: 
    packageId: "registry.npmjs.org/node-fetch/2.6.1"
    requester: "/app"
    status: "resolved"
  13 debug pnpm:progress: 
    packageId: "registry.npmjs.org/node-superfetch/0.1.10"
    requester: "/app"
    status: "resolved"
  14 debug pnpm:progress: 
    packageId: "registry.npmjs.org/ejs/3.1.5"
    requester: "/app"
    status: "resolved"
  15 error pnpm: "Cannot read property 'latest' of undefined"
  16 debug pnpm:progress: 
    packageId: "registry.npmjs.org/chalk/4.1.0"
    requester: "/app"
    status: "found_in_store"
  17 debug pnpm:progress: 
    packageId: "registry.npmjs.org/cheerio/1.0.0-rc.3"
    requester: "/app"
    status: "found_in_store"
  18 debug pnpm:progress: 
    packageId: "registry.npmjs.org/moment-duration-format/2.3.2"
    requester: "/app"
    status: "resolved"
  19 debug pnpm:progress: 
    packageId: "registry.npmjs.org/html-tags/3.1.0"
    requester: "/app"
    status: "resolved"
  20 debug pnpm:progress: 
    packageId: "registry.npmjs.org/express/4.17.1"
    requester: "/app"
    status: "resolved"
  21 debug pnpm:progress: 
    packageId: "registry.npmjs.org/express-session/1.17.1"
    requester: "/app"
    status: "resolved"
  22 debug pnpm:deprecation: 
    deprecated: "no longer maintained"
    depth: 0
    pkgId: "registry.npmjs.org/level-session/0.3.4"
    pkgName: "level-session"
    pkgVersion: "0.3.4"
    prefix: "/app"
  23 debug pnpm:progress: 
    packageId: "registry.npmjs.org/level-session/0.3.4"
    requester: "/app"
    status: "resolved"
  24 debug pnpm:progress: 
    packageId: "registry.npmjs.org/highlight.js/10.4.0"
    requester: "/app"
    status: "resolved"
  25 debug pnpm:progress: 
    packageId: "registry.npmjs.org/moment/2.29.1"
    requester: "/app"
    status: "resolved"
  26 debug pnpm:progress: 
    packageId: "registry.npmjs.org/fs/0.0.1-security"
    requester: "/app"
    status: "resolved"
  27 warn pnpm:install-check: 
    message: "Unsupported engine for registry.npmjs.org/marked/1.2.5: wanted: {\"node\":\">= 8.16.2\"} (current: {\"node\":\"v8.15.1\",\"pnpm\":\"2.25.5\"})"
    prefix: "/app"
  28 debug pnpm:progress: 
    packageId: "registry.npmjs.org/marked/1.2.5"
    requester: "/app"
    status: "resolved"
  29 warn pnpm:install-check: 
    message: "Unsupported engine for registry.npmjs.org/helmet/4.2.0: wanted: {\"node\":\">=10.0.0\"} (current: {\"node\":\"v8.15.1\",\"pnpm\":\"2.25.5\"})"
    prefix: "/app"
  30 debug pnpm:progress: 
    packageId: "registry.npmjs.org/helmet/4.2.0"
    requester: "/app"
    status: "resolved"
  31 debug pnpm:progress: 
    packageId: "registry.npmjs.org/level-session-store/2.2.0"
    requester: "/app"
    status: "resolved"
  32 debug pnpm:progress: 
    packageId: "registry.npmjs.org/quick.db/7.1.3"
    requester: "/app"
    status: "resolved"
  33 debug pnpm:deprecation: 
    deprecated: "request has been deprecated, see https://github.com/request/request/issues/3142"
    depth: 0
    pkgId: "registry.npmjs.org/request/2.88.2"
    pkgName: "request"
    pkgVersion: "2.88.2"
    prefix: "/app"
  34 debug pnpm:progress: 
    packageId: "registry.npmjs.org/request/2.88.2"
    requester: "/app"
    status: "resolved"
  35 debug pnpm:progress: 
    packageId: "registry.npmjs.org/url/0.11.0"
    requester: "/app"
    status: "resolved"
  36 debug pnpm:progress: 
    packageId: "registry.npmjs.org/useful-tools/0.0.33"
    requester: "/app"
    status: "resolved"
  37 debug pnpm:progress: 
    packageId: "registry.npmjs.org/window/4.2.7"
    requester: "/app"
    status: "resolved"
  38 debug pnpm:progress: 
    packageId: "registry.npmjs.org/mongodb/3.6.3"
    requester: "/app"
    status: "resolved"
  39 debug pnpm:progress: 
    packageId: "registry.npmjs.org/passport-discord/0.1.4"
    requester: "/app"
    status: "resolved"
  40 debug pnpm:progress: 
    packageId: "registry.npmjs.org/path/0.12.7"
    requester: "/app"
    status: "resolved"
  41 debug pnpm:progress: 
    packageId: "registry.npmjs.org/passport/0.4.1"
    requester: "/app"
    status: "resolved"
